<?xml version="1.0" encoding="UTF-8"?>
<robot generator="Robot 7.3.2 (Python 3.14.0 on win32)" generated="2026-01-07T14:53:43.238075" rpa="false" schemaversion="5">
<suite id="s1" name="Tests Ihm" source="C:\Users\ADmiN\projet-tests\tests_ihm">
<suite id="s1-s1" name="Connexions-Invalides" source="C:\Users\ADmiN\projet-tests\tests_ihm\connexions-invalides.robot">
<test id="s1-s1-t1" name="Test Utilisateur Valide Mot De Passe Vide" line="10">
<kw name="Ouvrir Le Navigateur Et Accéder A La Page d'Accueil" owner="commun" type="SETUP">
<kw name="Open Browser" owner="Selenium2Library">
<msg time="2026-01-07T14:53:44.186232" level="INFO">Opening browser 'edge' to base url 'None'.</msg>
<arg>browser=${NAVIGATEUR}</arg>
<doc>Opens a new browser instance to the optional ``url``.</doc>
<status status="PASS" start="2026-01-07T14:53:44.185464" elapsed="2.955495"/>
</kw>
<kw name="Maximize Browser Window" owner="Selenium2Library">
<doc>Maximizes current browser window.</doc>
<status status="PASS" start="2026-01-07T14:53:47.141794" elapsed="0.377257"/>
</kw>
<kw name="Go To" owner="Selenium2Library">
<msg time="2026-01-07T14:53:47.520457" level="INFO">Opening url 'http://livraison3.testacademy.fr/'</msg>
<arg>${HOMEY URL}</arg>
<doc>Navigates the current browser window to the provided ``url``.</doc>
<status status="PASS" start="2026-01-07T14:53:47.519749" elapsed="3.657155"/>
</kw>
<status status="PASS" start="2026-01-07T14:53:44.183682" elapsed="6.993594"/>
</kw>
<kw name="Un Message d'Erreur Doit Etre Visible Apres Une Connexion Incorrecte">
<kw name="Accéder A La Page De Connexion" owner="commun">
<kw name="Click Element" owner="Selenium2Library">
<msg time="2026-01-07T14:53:51.183649" level="INFO">Clicking element 'xpath=//a[contains(text(),"Se connecter")]'.</msg>
<arg>${LIEN SE CONNECTER}</arg>
<doc>Click the element identified by ``locator``.</doc>
<status status="PASS" start="2026-01-07T14:53:51.181665" elapsed="0.524508"/>
</kw>
<kw name="Wait Until Element Is Visible" owner="Selenium2Library">
<arg>${CHAMP NOM UTILISATEUR}</arg>
<doc>Waits until the element ``locator`` is visible.</doc>
<status status="PASS" start="2026-01-07T14:53:51.706862" elapsed="0.167046"/>
</kw>
<status status="PASS" start="2026-01-07T14:53:51.180797" elapsed="0.693503"/>
</kw>
<kw name="Entrer Le Nom d'Utilisateur" owner="commun">
<kw name="Click Element" owner="Selenium2Library">
<msg time="2026-01-07T14:53:51.876657" level="INFO">Clicking element 'name=username'.</msg>
<arg>${CHAMP NOM UTILISATEUR}</arg>
<doc>Click the element identified by ``locator``.</doc>
<status status="PASS" start="2026-01-07T14:53:51.875801" elapsed="0.499034"/>
</kw>
<kw name="Input Text" owner="Selenium2Library">
<msg time="2026-01-07T14:53:52.376591" level="INFO">Typing text 'robot' into text field 'name=username'.</msg>
<arg>${CHAMP NOM UTILISATEUR}</arg>
<arg>${nom_utilisateur}</arg>
<doc>Types the given ``text`` into the text field identified by ``locator``.</doc>
<status status="PASS" start="2026-01-07T14:53:52.375516" elapsed="0.371081"/>
</kw>
<arg>${nom utilisateur}</arg>
<status status="PASS" start="2026-01-07T14:53:51.874790" elapsed="0.872138"/>
</kw>
<kw name="Entrer Le Mot De Passe" owner="commun">
<kw name="Click Element" owner="Selenium2Library">
<msg time="2026-01-07T14:53:52.749851" level="INFO">Clicking element 'name=password'.</msg>
<arg>${CHAMP MOT DE PASSE}</arg>
<doc>Click the element identified by ``locator``.</doc>
<status status="PASS" start="2026-01-07T14:53:52.748861" elapsed="0.274313"/>
</kw>
<kw name="Input Text" owner="Selenium2Library">
<msg time="2026-01-07T14:53:53.024517" level="INFO">Typing text '' into text field 'name=password'.</msg>
<arg>${CHAMP MOT DE PASSE}</arg>
<arg>${mot_de_passe}</arg>
<doc>Types the given ``text`` into the text field identified by ``locator``.</doc>
<status status="PASS" start="2026-01-07T14:53:53.023715" elapsed="0.219565"/>
</kw>
<arg>${mot de passe}</arg>
<status status="PASS" start="2026-01-07T14:53:52.747482" elapsed="0.496087"/>
</kw>
<kw name="Soumettre Le Formulaire De Connexion" owner="commun">
<kw name="Click Button" owner="Selenium2Library">
<msg time="2026-01-07T14:53:53.245154" level="INFO">Clicking button 'css=.homey_login_button'.</msg>
<arg>${BOUTON VALIDER}</arg>
<doc>Clicks the button identified by ``locator``.</doc>
<status status="PASS" start="2026-01-07T14:53:53.244605" elapsed="0.280905"/>
</kw>
<status status="PASS" start="2026-01-07T14:53:53.243986" elapsed="0.281844"/>
</kw>
<kw name="Vérifier Que Le Message d'Erreur Est Visible">
<kw name="Wait Until Element Is Visible" owner="Selenium2Library">
<arg>${ESPACE POUR AFFICHER LES ERREURS}</arg>
<doc>Waits until the element ``locator`` is visible.</doc>
<status status="PASS" start="2026-01-07T14:53:53.527025" elapsed="0.717166"/>
</kw>
<kw name="Element Text Should Not Be" owner="Selenium2Library">
<msg time="2026-01-07T14:53:54.246337" level="INFO">Verifying element 'css=#modal-login .error' does not contain exact text ''.</msg>
<arg>${ESPACE POUR AFFICHER LES ERREURS}</arg>
<arg>${EMPTY}</arg>
<doc>Verifies that element ``locator`` does not contain exact the text ``not_expected``.</doc>
<status status="PASS" start="2026-01-07T14:53:54.244725" elapsed="0.058081"/>
</kw>
<status status="PASS" start="2026-01-07T14:53:53.526286" elapsed="0.776840"/>
</kw>
<arg>robot</arg>
<arg>${EMPTY}</arg>
<status status="PASS" start="2026-01-07T14:53:51.178342" elapsed="3.124960"/>
</kw>
<status status="PASS" start="2026-01-07T14:53:44.181440" elapsed="10.123185"/>
</test>
<test id="s1-s1-t2" name="Test Utilisateur Vide Mot De Passe Valide" line="11">
<kw name="Ouvrir Le Navigateur Et Accéder A La Page d'Accueil" owner="commun" type="SETUP">
<kw name="Open Browser" owner="Selenium2Library">
<msg time="2026-01-07T14:53:54.310340" level="INFO">Opening browser 'edge' to base url 'None'.</msg>
<arg>browser=${NAVIGATEUR}</arg>
<doc>Opens a new browser instance to the optional ``url``.</doc>
<status status="PASS" start="2026-01-07T14:53:54.309737" elapsed="3.257413"/>
</kw>
<kw name="Maximize Browser Window" owner="Selenium2Library">
<doc>Maximizes current browser window.</doc>
<status status="PASS" start="2026-01-07T14:53:57.567727" elapsed="0.328079"/>
</kw>
<kw name="Go To" owner="Selenium2Library">
<msg time="2026-01-07T14:53:57.897075" level="INFO">Opening url 'http://livraison3.testacademy.fr/'</msg>
<arg>${HOMEY URL}</arg>
<doc>Navigates the current browser window to the provided ``url``.</doc>
<status status="PASS" start="2026-01-07T14:53:57.896449" elapsed="3.464430"/>
</kw>
<status status="PASS" start="2026-01-07T14:53:54.308899" elapsed="7.052679"/>
</kw>
<kw name="Un Message d'Erreur Doit Etre Visible Apres Une Connexion Incorrecte">
<kw name="Accéder A La Page De Connexion" owner="commun">
<kw name="Click Element" owner="Selenium2Library">
<msg time="2026-01-07T14:54:01.410357" level="INFO">Clicking element 'xpath=//a[contains(text(),"Se connecter")]'.</msg>
<arg>${LIEN SE CONNECTER}</arg>
<doc>Click the element identified by ``locator``.</doc>
<status status="PASS" start="2026-01-07T14:54:01.409537" elapsed="0.598979"/>
</kw>
<kw name="Wait Until Element Is Visible" owner="Selenium2Library">
<arg>${CHAMP NOM UTILISATEUR}</arg>
<doc>Waits until the element ``locator`` is visible.</doc>
<status status="PASS" start="2026-01-07T14:54:02.009206" elapsed="0.252856"/>
</kw>
<status status="PASS" start="2026-01-07T14:54:01.408544" elapsed="0.853867"/>
</kw>
<kw name="Entrer Le Nom d'Utilisateur" owner="commun">
<kw name="Click Element" owner="Selenium2Library">
<msg time="2026-01-07T14:54:02.265434" level="INFO">Clicking element 'name=username'.</msg>
<arg>${CHAMP NOM UTILISATEUR}</arg>
<doc>Click the element identified by ``locator``.</doc>
<status status="PASS" start="2026-01-07T14:54:02.264640" elapsed="0.577792"/>
</kw>
<kw name="Input Text" owner="Selenium2Library">
<msg time="2026-01-07T14:54:02.844330" level="INFO">Typing text '' into text field 'name=username'.</msg>
<arg>${CHAMP NOM UTILISATEUR}</arg>
<arg>${nom_utilisateur}</arg>
<doc>Types the given ``text`` into the text field identified by ``locator``.</doc>
<status status="PASS" start="2026-01-07T14:54:02.843333" elapsed="0.335276"/>
</kw>
<arg>${nom utilisateur}</arg>
<status status="PASS" start="2026-01-07T14:54:02.263156" elapsed="0.915949"/>
</kw>
<kw name="Entrer Le Mot De Passe" owner="commun">
<kw name="Click Element" owner="Selenium2Library">
<msg time="2026-01-07T14:54:03.182044" level="INFO">Clicking element 'name=password'.</msg>
<arg>${CHAMP MOT DE PASSE}</arg>
<doc>Click the element identified by ``locator``.</doc>
<status status="PASS" start="2026-01-07T14:54:03.181091" elapsed="0.411046"/>
</kw>
<kw name="Input Text" owner="Selenium2Library">
<msg time="2026-01-07T14:54:03.593532" level="INFO">Typing text 'robot' into text field 'name=password'.</msg>
<arg>${CHAMP MOT DE PASSE}</arg>
<arg>${mot_de_passe}</arg>
<doc>Types the given ``text`` into the text field identified by ``locator``.</doc>
<status status="PASS" start="2026-01-07T14:54:03.592660" elapsed="0.332974"/>
</kw>
<arg>${mot de passe}</arg>
<status status="PASS" start="2026-01-07T14:54:03.179786" elapsed="0.746199"/>
</kw>
<kw name="Soumettre Le Formulaire De Connexion" owner="commun">
<kw name="Click Button" owner="Selenium2Library">
<msg time="2026-01-07T14:54:03.928386" level="INFO">Clicking button 'css=.homey_login_button'.</msg>
<arg>${BOUTON VALIDER}</arg>
<doc>Clicks the button identified by ``locator``.</doc>
<status status="PASS" start="2026-01-07T14:54:03.927502" elapsed="0.288058"/>
</kw>
<status status="PASS" start="2026-01-07T14:54:03.926484" elapsed="0.289604"/>
</kw>
<kw name="Vérifier Que Le Message d'Erreur Est Visible">
<kw name="Wait Until Element Is Visible" owner="Selenium2Library">
<arg>${ESPACE POUR AFFICHER LES ERREURS}</arg>
<doc>Waits until the element ``locator`` is visible.</doc>
<status status="PASS" start="2026-01-07T14:54:04.219462" elapsed="0.783510"/>
</kw>
<kw name="Element Text Should Not Be" owner="Selenium2Library">
<msg time="2026-01-07T14:54:05.005170" level="INFO">Verifying element 'css=#modal-login .error' does not contain exact text ''.</msg>
<arg>${ESPACE POUR AFFICHER LES ERREURS}</arg>
<arg>${EMPTY}</arg>
<doc>Verifies that element ``locator`` does not contain exact the text ``not_expected``.</doc>
<status status="PASS" start="2026-01-07T14:54:05.003445" elapsed="0.056754"/>
</kw>
<status status="PASS" start="2026-01-07T14:54:04.216852" elapsed="0.843684"/>
</kw>
<arg>${EMPTY}</arg>
<arg>robot</arg>
<status status="PASS" start="2026-01-07T14:54:01.405952" elapsed="3.654757"/>
</kw>
<status status="PASS" start="2026-01-07T14:53:54.307310" elapsed="10.754378"/>
</test>
<test id="s1-s1-t3" name="Test Utilisateur Vide Mot De Passe Vide" line="12">
<kw name="Ouvrir Le Navigateur Et Accéder A La Page d'Accueil" owner="commun" type="SETUP">
<kw name="Open Browser" owner="Selenium2Library">
<msg time="2026-01-07T14:54:05.067314" level="INFO">Opening browser 'edge' to base url 'None'.</msg>
<arg>browser=${NAVIGATEUR}</arg>
<doc>Opens a new browser instance to the optional ``url``.</doc>
<status status="PASS" start="2026-01-07T14:54:05.066729" elapsed="3.559027"/>
</kw>
<kw name="Maximize Browser Window" owner="Selenium2Library">
<doc>Maximizes current browser window.</doc>
<status status="PASS" start="2026-01-07T14:54:08.626372" elapsed="0.400065"/>
</kw>
<kw name="Go To" owner="Selenium2Library">
<msg time="2026-01-07T14:54:09.027937" level="INFO">Opening url 'http://livraison3.testacademy.fr/'</msg>
<arg>${HOMEY URL}</arg>
<doc>Navigates the current browser window to the provided ``url``.</doc>
<status status="PASS" start="2026-01-07T14:54:09.027347" elapsed="3.688040"/>
</kw>
<status status="PASS" start="2026-01-07T14:54:05.065895" elapsed="7.649869"/>
</kw>
<kw name="Un Message d'Erreur Doit Etre Visible Apres Une Connexion Incorrecte">
<kw name="Accéder A La Page De Connexion" owner="commun">
<kw name="Click Element" owner="Selenium2Library">
<msg time="2026-01-07T14:54:12.722638" level="INFO">Clicking element 'xpath=//a[contains(text(),"Se connecter")]'.</msg>
<arg>${LIEN SE CONNECTER}</arg>
<doc>Click the element identified by ``locator``.</doc>
<status status="PASS" start="2026-01-07T14:54:12.721778" elapsed="0.624828"/>
</kw>
<kw name="Wait Until Element Is Visible" owner="Selenium2Library">
<arg>${CHAMP NOM UTILISATEUR}</arg>
<doc>Waits until the element ``locator`` is visible.</doc>
<status status="PASS" start="2026-01-07T14:54:13.347185" elapsed="0.613520"/>
</kw>
<status status="PASS" start="2026-01-07T14:54:12.720810" elapsed="1.240259"/>
</kw>
<kw name="Entrer Le Nom d'Utilisateur" owner="commun">
<kw name="Click Element" owner="Selenium2Library">
<msg time="2026-01-07T14:54:13.964921" level="INFO">Clicking element 'name=username'.</msg>
<arg>${CHAMP NOM UTILISATEUR}</arg>
<doc>Click the element identified by ``locator``.</doc>
<status status="PASS" start="2026-01-07T14:54:13.963283" elapsed="0.448549"/>
</kw>
<kw name="Input Text" owner="Selenium2Library">
<msg time="2026-01-07T14:54:14.413167" level="INFO">Typing text '' into text field 'name=username'.</msg>
<arg>${CHAMP NOM UTILISATEUR}</arg>
<arg>${nom_utilisateur}</arg>
<doc>Types the given ``text`` into the text field identified by ``locator``.</doc>
<status status="PASS" start="2026-01-07T14:54:14.412358" elapsed="0.279197"/>
</kw>
<arg>${nom utilisateur}</arg>
<status status="PASS" start="2026-01-07T14:54:13.961856" elapsed="0.730088"/>
</kw>
<kw name="Entrer Le Mot De Passe" owner="commun">
<kw name="Click Element" owner="Selenium2Library">
<msg time="2026-01-07T14:54:14.694988" level="INFO">Clicking element 'name=password'.</msg>
<arg>${CHAMP MOT DE PASSE}</arg>
<doc>Click the element identified by ``locator``.</doc>
<status status="PASS" start="2026-01-07T14:54:14.694004" elapsed="0.366351"/>
</kw>
<kw name="Input Text" owner="Selenium2Library">
<msg time="2026-01-07T14:54:15.063265" level="INFO">Typing text '' into text field 'name=password'.</msg>
<arg>${CHAMP MOT DE PASSE}</arg>
<arg>${mot_de_passe}</arg>
<doc>Types the given ``text`` into the text field identified by ``locator``.</doc>
<status status="PASS" start="2026-01-07T14:54:15.061139" elapsed="0.232475"/>
</kw>
<arg>${mot de passe}</arg>
<status status="PASS" start="2026-01-07T14:54:14.692535" elapsed="0.601480"/>
</kw>
<kw name="Soumettre Le Formulaire De Connexion" owner="commun">
<kw name="Click Button" owner="Selenium2Library">
<msg time="2026-01-07T14:54:15.296426" level="INFO">Clicking button 'css=.homey_login_button'.</msg>
<arg>${BOUTON VALIDER}</arg>
<doc>Clicks the button identified by ``locator``.</doc>
<status status="PASS" start="2026-01-07T14:54:15.295481" elapsed="0.299875"/>
</kw>
<status status="PASS" start="2026-01-07T14:54:15.294536" elapsed="0.301182"/>
</kw>
<kw name="Vérifier Que Le Message d'Erreur Est Visible">
<kw name="Wait Until Element Is Visible" owner="Selenium2Library">
<arg>${ESPACE POUR AFFICHER LES ERREURS}</arg>
<doc>Waits until the element ``locator`` is visible.</doc>
<status status="PASS" start="2026-01-07T14:54:15.597105" elapsed="2.233430"/>
</kw>
<kw name="Element Text Should Not Be" owner="Selenium2Library">
<msg time="2026-01-07T14:54:17.833356" level="INFO">Verifying element 'css=#modal-login .error' does not contain exact text ''.</msg>
<arg>${ESPACE POUR AFFICHER LES ERREURS}</arg>
<arg>${EMPTY}</arg>
<doc>Verifies that element ``locator`` does not contain exact the text ``not_expected``.</doc>
<status status="PASS" start="2026-01-07T14:54:17.831367" elapsed="0.073969"/>
</kw>
<status status="PASS" start="2026-01-07T14:54:15.596238" elapsed="2.309482"/>
</kw>
<arg>${EMPTY}</arg>
<arg>${EMPTY}</arg>
<status status="PASS" start="2026-01-07T14:54:12.716891" elapsed="5.188997"/>
</kw>
<status status="PASS" start="2026-01-07T14:54:05.064386" elapsed="12.844613"/>
</test>
<test id="s1-s1-t4" name="Test Utilisateur Non Valide Mot De Passe Valide" line="13">
<kw name="Ouvrir Le Navigateur Et Accéder A La Page d'Accueil" owner="commun" type="SETUP">
<kw name="Open Browser" owner="Selenium2Library">
<msg time="2026-01-07T14:54:17.917076" level="INFO">Opening browser 'edge' to base url 'None'.</msg>
<arg>browser=${NAVIGATEUR}</arg>
<doc>Opens a new browser instance to the optional ``url``.</doc>
<status status="PASS" start="2026-01-07T14:54:17.916263" elapsed="4.225764"/>
</kw>
<kw name="Maximize Browser Window" owner="Selenium2Library">
<doc>Maximizes current browser window.</doc>
<status status="PASS" start="2026-01-07T14:54:22.142521" elapsed="0.105601"/>
</kw>
<kw name="Go To" owner="Selenium2Library">
<msg time="2026-01-07T14:54:22.249962" level="INFO">Opening url 'http://livraison3.testacademy.fr/'</msg>
<arg>${HOMEY URL}</arg>
<doc>Navigates the current browser window to the provided ``url``.</doc>
<status status="PASS" start="2026-01-07T14:54:22.249076" elapsed="3.817608"/>
</kw>
<status status="PASS" start="2026-01-07T14:54:17.915402" elapsed="8.151614"/>
</kw>
<kw name="Un Message d'Erreur Doit Etre Visible Apres Une Connexion Incorrecte">
<kw name="Accéder A La Page De Connexion" owner="commun">
<kw name="Click Element" owner="Selenium2Library">
<msg time="2026-01-07T14:54:26.100570" level="INFO">Clicking element 'xpath=//a[contains(text(),"Se connecter")]'.</msg>
<arg>${LIEN SE CONNECTER}</arg>
<doc>Click the element identified by ``locator``.</doc>
<status status="PASS" start="2026-01-07T14:54:26.099771" elapsed="0.755747"/>
</kw>
<kw name="Wait Until Element Is Visible" owner="Selenium2Library">
<arg>${CHAMP NOM UTILISATEUR}</arg>
<doc>Waits until the element ``locator`` is visible.</doc>
<status status="PASS" start="2026-01-07T14:54:26.856373" elapsed="0.664723"/>
</kw>
<status status="PASS" start="2026-01-07T14:54:26.098735" elapsed="1.423164"/>
</kw>
<kw name="Entrer Le Nom d'Utilisateur" owner="commun">
<kw name="Click Element" owner="Selenium2Library">
<msg time="2026-01-07T14:54:27.526125" level="INFO">Clicking element 'name=username'.</msg>
<arg>${CHAMP NOM UTILISATEUR}</arg>
<doc>Click the element identified by ``locator``.</doc>
<status status="PASS" start="2026-01-07T14:54:27.524755" elapsed="0.379033"/>
</kw>
<kw name="Input Text" owner="Selenium2Library">
<msg time="2026-01-07T14:54:27.905891" level="INFO">Typing text 'azerty' into text field 'name=username'.</msg>
<arg>${CHAMP NOM UTILISATEUR}</arg>
<arg>${nom_utilisateur}</arg>
<doc>Types the given ``text`` into the text field identified by ``locator``.</doc>
<status status="PASS" start="2026-01-07T14:54:27.904308" elapsed="0.390572"/>
</kw>
<arg>${nom utilisateur}</arg>
<status status="PASS" start="2026-01-07T14:54:27.523131" elapsed="0.772174"/>
</kw>
<kw name="Entrer Le Mot De Passe" owner="commun">
<kw name="Click Element" owner="Selenium2Library">
<msg time="2026-01-07T14:54:28.298639" level="INFO">Clicking element 'name=password'.</msg>
<arg>${CHAMP MOT DE PASSE}</arg>
<doc>Click the element identified by ``locator``.</doc>
<status status="PASS" start="2026-01-07T14:54:28.297299" elapsed="0.359936"/>
</kw>
<kw name="Input Text" owner="Selenium2Library">
<msg time="2026-01-07T14:54:28.658800" level="INFO">Typing text 'robot' into text field 'name=password'.</msg>
<arg>${CHAMP MOT DE PASSE}</arg>
<arg>${mot_de_passe}</arg>
<doc>Types the given ``text`` into the text field identified by ``locator``.</doc>
<status status="PASS" start="2026-01-07T14:54:28.657798" elapsed="0.309124"/>
</kw>
<arg>${mot de passe}</arg>
<status status="PASS" start="2026-01-07T14:54:28.296007" elapsed="0.671383"/>
</kw>
<kw name="Soumettre Le Formulaire De Connexion" owner="commun">
<kw name="Click Button" owner="Selenium2Library">
<msg time="2026-01-07T14:54:28.969769" level="INFO">Clicking button 'css=.homey_login_button'.</msg>
<arg>${BOUTON VALIDER}</arg>
<doc>Clicks the button identified by ``locator``.</doc>
<status status="PASS" start="2026-01-07T14:54:28.969021" elapsed="0.319826"/>
</kw>
<status status="PASS" start="2026-01-07T14:54:28.967986" elapsed="0.321339"/>
</kw>
<kw name="Vérifier Que Le Message d'Erreur Est Visible">
<kw name="Wait Until Element Is Visible" owner="Selenium2Library">
<arg>${ESPACE POUR AFFICHER LES ERREURS}</arg>
<doc>Waits until the element ``locator`` is visible.</doc>
<status status="PASS" start="2026-01-07T14:54:29.293273" elapsed="1.221817"/>
</kw>
<kw name="Element Text Should Not Be" owner="Selenium2Library">
<msg time="2026-01-07T14:54:30.518384" level="INFO">Verifying element 'css=#modal-login .error' does not contain exact text ''.</msg>
<arg>${ESPACE POUR AFFICHER LES ERREURS}</arg>
<arg>${EMPTY}</arg>
<doc>Verifies that element ``locator`` does not contain exact the text ``not_expected``.</doc>
<status status="PASS" start="2026-01-07T14:54:30.515846" elapsed="0.054447"/>
</kw>
<status status="PASS" start="2026-01-07T14:54:29.290957" elapsed="1.279615"/>
</kw>
<arg>azerty</arg>
<arg>robot</arg>
<status status="PASS" start="2026-01-07T14:54:26.097356" elapsed="4.473363"/>
</kw>
<status status="PASS" start="2026-01-07T14:54:17.913991" elapsed="12.657472"/>
</test>
<test id="s1-s1-t5" name="Test Utilisateur Valide Mot De Passe Non Valide" line="14">
<kw name="Ouvrir Le Navigateur Et Accéder A La Page d'Accueil" owner="commun" type="SETUP">
<kw name="Open Browser" owner="Selenium2Library">
<msg time="2026-01-07T14:54:30.576841" level="INFO">Opening browser 'edge' to base url 'None'.</msg>
<arg>browser=${NAVIGATEUR}</arg>
<doc>Opens a new browser instance to the optional ``url``.</doc>
<status status="PASS" start="2026-01-07T14:54:30.576285" elapsed="4.159037"/>
</kw>
<kw name="Maximize Browser Window" owner="Selenium2Library">
<doc>Maximizes current browser window.</doc>
<status status="PASS" start="2026-01-07T14:54:34.736965" elapsed="0.109598"/>
</kw>
<kw name="Go To" owner="Selenium2Library">
<msg time="2026-01-07T14:54:34.848609" level="INFO">Opening url 'http://livraison3.testacademy.fr/'</msg>
<arg>${HOMEY URL}</arg>
<doc>Navigates the current browser window to the provided ``url``.</doc>
<status status="PASS" start="2026-01-07T14:54:34.848016" elapsed="3.718956"/>
</kw>
<status status="PASS" start="2026-01-07T14:54:30.575353" elapsed="7.991966"/>
</kw>
<kw name="Un Message d'Erreur Doit Etre Visible Apres Une Connexion Incorrecte">
<kw name="Accéder A La Page De Connexion" owner="commun">
<kw name="Click Element" owner="Selenium2Library">
<msg time="2026-01-07T14:54:38.579123" level="INFO">Clicking element 'xpath=//a[contains(text(),"Se connecter")]'.</msg>
<arg>${LIEN SE CONNECTER}</arg>
<doc>Click the element identified by ``locator``.</doc>
<status status="PASS" start="2026-01-07T14:54:38.577830" elapsed="0.637336"/>
</kw>
<kw name="Wait Until Element Is Visible" owner="Selenium2Library">
<arg>${CHAMP NOM UTILISATEUR}</arg>
<doc>Waits until the element ``locator`` is visible.</doc>
<status status="PASS" start="2026-01-07T14:54:39.215745" elapsed="0.294923"/>
</kw>
<status status="PASS" start="2026-01-07T14:54:38.576279" elapsed="0.934693"/>
</kw>
<kw name="Entrer Le Nom d'Utilisateur" owner="commun">
<kw name="Click Element" owner="Selenium2Library">
<msg time="2026-01-07T14:54:39.513392" level="INFO">Clicking element 'name=username'.</msg>
<arg>${CHAMP NOM UTILISATEUR}</arg>
<doc>Click the element identified by ``locator``.</doc>
<status status="PASS" start="2026-01-07T14:54:39.512531" elapsed="0.677255"/>
</kw>
<kw name="Input Text" owner="Selenium2Library">
<msg time="2026-01-07T14:54:40.191544" level="INFO">Typing text 'robot' into text field 'name=username'.</msg>
<arg>${CHAMP NOM UTILISATEUR}</arg>
<arg>${nom_utilisateur}</arg>
<doc>Types the given ``text`` into the text field identified by ``locator``.</doc>
<status status="PASS" start="2026-01-07T14:54:40.190452" elapsed="0.487943"/>
</kw>
<arg>${nom utilisateur}</arg>
<status status="PASS" start="2026-01-07T14:54:39.511470" elapsed="1.167306"/>
</kw>
<kw name="Entrer Le Mot De Passe" owner="commun">
<kw name="Click Element" owner="Selenium2Library">
<msg time="2026-01-07T14:54:40.681183" level="INFO">Clicking element 'name=password'.</msg>
<arg>${CHAMP MOT DE PASSE}</arg>
<doc>Click the element identified by ``locator``.</doc>
<status status="PASS" start="2026-01-07T14:54:40.680504" elapsed="0.368407"/>
</kw>
<kw name="Input Text" owner="Selenium2Library">
<msg time="2026-01-07T14:54:41.050790" level="INFO">Typing text 'azerty' into text field 'name=password'.</msg>
<arg>${CHAMP MOT DE PASSE}</arg>
<arg>${mot_de_passe}</arg>
<doc>Types the given ``text`` into the text field identified by ``locator``.</doc>
<status status="PASS" start="2026-01-07T14:54:41.049651" elapsed="0.347395"/>
</kw>
<arg>${mot de passe}</arg>
<status status="PASS" start="2026-01-07T14:54:40.679332" elapsed="0.718065"/>
</kw>
<kw name="Soumettre Le Formulaire De Connexion" owner="commun">
<kw name="Click Button" owner="Selenium2Library">
<msg time="2026-01-07T14:54:41.399944" level="INFO">Clicking button 'css=.homey_login_button'.</msg>
<arg>${BOUTON VALIDER}</arg>
<doc>Clicks the button identified by ``locator``.</doc>
<status status="PASS" start="2026-01-07T14:54:41.399099" elapsed="0.354080"/>
</kw>
<status status="PASS" start="2026-01-07T14:54:41.398027" elapsed="0.355495"/>
</kw>
<kw name="Vérifier Que Le Message d'Erreur Est Visible">
<kw name="Wait Until Element Is Visible" owner="Selenium2Library">
<arg>${ESPACE POUR AFFICHER LES ERREURS}</arg>
<doc>Waits until the element ``locator`` is visible.</doc>
<status status="PASS" start="2026-01-07T14:54:41.754960" elapsed="0.792398"/>
</kw>
<kw name="Element Text Should Not Be" owner="Selenium2Library">
<msg time="2026-01-07T14:54:42.550801" level="INFO">Verifying element 'css=#modal-login .error' does not contain exact text ''.</msg>
<arg>${ESPACE POUR AFFICHER LES ERREURS}</arg>
<arg>${EMPTY}</arg>
<doc>Verifies that element ``locator`` does not contain exact the text ``not_expected``.</doc>
<status status="PASS" start="2026-01-07T14:54:42.548087" elapsed="0.070579"/>
</kw>
<status status="PASS" start="2026-01-07T14:54:41.754029" elapsed="0.865108"/>
</kw>
<arg>robot</arg>
<arg>azerty</arg>
<status status="PASS" start="2026-01-07T14:54:38.574426" elapsed="4.045079"/>
</kw>
<status status="PASS" start="2026-01-07T14:54:30.574115" elapsed="12.046385"/>
</test>
<test id="s1-s1-t6" name="Test Utilisateur Non Valide Mot De Passe Non Valide" line="15">
<kw name="Ouvrir Le Navigateur Et Accéder A La Page d'Accueil" owner="commun" type="SETUP">
<kw name="Open Browser" owner="Selenium2Library">
<msg time="2026-01-07T14:54:42.626501" level="INFO">Opening browser 'edge' to base url 'None'.</msg>
<arg>browser=${NAVIGATEUR}</arg>
<doc>Opens a new browser instance to the optional ``url``.</doc>
<status status="PASS" start="2026-01-07T14:54:42.625821" elapsed="3.638577"/>
</kw>
<kw name="Maximize Browser Window" owner="Selenium2Library">
<doc>Maximizes current browser window.</doc>
<status status="PASS" start="2026-01-07T14:54:46.264871" elapsed="0.406924"/>
</kw>
<kw name="Go To" owner="Selenium2Library">
<msg time="2026-01-07T14:54:46.673277" level="INFO">Opening url 'http://livraison3.testacademy.fr/'</msg>
<arg>${HOMEY URL}</arg>
<doc>Navigates the current browser window to the provided ``url``.</doc>
<status status="PASS" start="2026-01-07T14:54:46.672486" elapsed="3.919166"/>
</kw>
<status status="PASS" start="2026-01-07T14:54:42.624849" elapsed="7.967100"/>
</kw>
<kw name="Un Message d'Erreur Doit Etre Visible Apres Une Connexion Incorrecte">
<kw name="Accéder A La Page De Connexion" owner="commun">
<kw name="Click Element" owner="Selenium2Library">
<msg time="2026-01-07T14:54:50.598990" level="INFO">Clicking element 'xpath=//a[contains(text(),"Se connecter")]'.</msg>
<arg>${LIEN SE CONNECTER}</arg>
<doc>Click the element identified by ``locator``.</doc>
<status status="PASS" start="2026-01-07T14:54:50.596662" elapsed="0.757063"/>
</kw>
<kw name="Wait Until Element Is Visible" owner="Selenium2Library">
<arg>${CHAMP NOM UTILISATEUR}</arg>
<doc>Waits until the element ``locator`` is visible.</doc>
<status status="PASS" start="2026-01-07T14:54:51.354173" elapsed="0.233376"/>
</kw>
<status status="PASS" start="2026-01-07T14:54:50.594851" elapsed="0.993071"/>
</kw>
<kw name="Entrer Le Nom d'Utilisateur" owner="commun">
<kw name="Click Element" owner="Selenium2Library">
<msg time="2026-01-07T14:54:51.590191" level="INFO">Clicking element 'name=username'.</msg>
<arg>${CHAMP NOM UTILISATEUR}</arg>
<doc>Click the element identified by ``locator``.</doc>
<status status="PASS" start="2026-01-07T14:54:51.589470" elapsed="0.603637"/>
</kw>
<kw name="Input Text" owner="Selenium2Library">
<msg time="2026-01-07T14:54:52.195019" level="INFO">Typing text 'azerty' into text field 'name=username'.</msg>
<arg>${CHAMP NOM UTILISATEUR}</arg>
<arg>${nom_utilisateur}</arg>
<doc>Types the given ``text`` into the text field identified by ``locator``.</doc>
<status status="PASS" start="2026-01-07T14:54:52.193747" elapsed="0.403958"/>
</kw>
<arg>${nom utilisateur}</arg>
<status status="PASS" start="2026-01-07T14:54:51.588424" elapsed="1.009729"/>
</kw>
<kw name="Entrer Le Mot De Passe" owner="commun">
<kw name="Click Element" owner="Selenium2Library">
<msg time="2026-01-07T14:54:52.601178" level="INFO">Clicking element 'name=password'.</msg>
<arg>${CHAMP MOT DE PASSE}</arg>
<doc>Click the element identified by ``locator``.</doc>
<status status="PASS" start="2026-01-07T14:54:52.600157" elapsed="0.351454"/>
</kw>
<kw name="Input Text" owner="Selenium2Library">
<msg time="2026-01-07T14:54:52.952963" level="INFO">Typing text 'azerty' into text field 'name=password'.</msg>
<arg>${CHAMP MOT DE PASSE}</arg>
<arg>${mot_de_passe}</arg>
<doc>Types the given ``text`` into the text field identified by ``locator``.</doc>
<status status="PASS" start="2026-01-07T14:54:52.952131" elapsed="0.348352"/>
</kw>
<arg>${mot de passe}</arg>
<status status="PASS" start="2026-01-07T14:54:52.598931" elapsed="0.701879"/>
</kw>
<kw name="Soumettre Le Formulaire De Connexion" owner="commun">
<kw name="Click Button" owner="Selenium2Library">
<msg time="2026-01-07T14:54:53.303012" level="INFO">Clicking button 'css=.homey_login_button'.</msg>
<arg>${BOUTON VALIDER}</arg>
<doc>Clicks the button identified by ``locator``.</doc>
<status status="PASS" start="2026-01-07T14:54:53.302263" elapsed="0.323195"/>
</kw>
<status status="PASS" start="2026-01-07T14:54:53.301331" elapsed="0.324460"/>
</kw>
<kw name="Vérifier Que Le Message d'Erreur Est Visible">
<kw name="Wait Until Element Is Visible" owner="Selenium2Library">
<arg>${ESPACE POUR AFFICHER LES ERREURS}</arg>
<doc>Waits until the element ``locator`` is visible.</doc>
<status status="PASS" start="2026-01-07T14:54:53.627272" elapsed="0.752387"/>
</kw>
<kw name="Element Text Should Not Be" owner="Selenium2Library">
<msg time="2026-01-07T14:54:54.382014" level="INFO">Verifying element 'css=#modal-login .error' does not contain exact text ''.</msg>
<arg>${ESPACE POUR AFFICHER LES ERREURS}</arg>
<arg>${EMPTY}</arg>
<doc>Verifies that element ``locator`` does not contain exact the text ``not_expected``.</doc>
<status status="PASS" start="2026-01-07T14:54:54.380194" elapsed="0.056547"/>
</kw>
<status status="PASS" start="2026-01-07T14:54:53.626284" elapsed="0.810743"/>
</kw>
<arg>azerty</arg>
<arg>azerty</arg>
<status status="PASS" start="2026-01-07T14:54:50.593244" elapsed="3.843926"/>
</kw>
<status status="PASS" start="2026-01-07T14:54:42.623014" elapsed="11.814873"/>
</test>
<status status="PASS" start="2026-01-07T14:53:43.335665" elapsed="71.105538"/>
</suite>
<suite id="s1-s2" name="Connexions-Valides" source="C:\Users\ADmiN\projet-tests\tests_ihm\connexions-valides.robot">
<test id="s1-s2-t1" name="Le Tableau De Bord Doit Etre Visible Apres Une Connexion Réussie" line="7">
<kw name="Effectuer Une Connection Réussie" type="SETUP">
<kw name="Ouvrir Le Navigateur Et Accéder A La Page d'Accueil" owner="commun">
<kw name="Open Browser" owner="Selenium2Library">
<msg time="2026-01-07T14:54:54.468677" level="INFO">Opening browser 'edge' to base url 'None'.</msg>
<arg>browser=${NAVIGATEUR}</arg>
<doc>Opens a new browser instance to the optional ``url``.</doc>
<status status="PASS" start="2026-01-07T14:54:54.468094" elapsed="4.637898"/>
</kw>
<kw name="Maximize Browser Window" owner="Selenium2Library">
<doc>Maximizes current browser window.</doc>
<status status="PASS" start="2026-01-07T14:54:59.106528" elapsed="0.405905"/>
</kw>
<kw name="Go To" owner="Selenium2Library">
<msg time="2026-01-07T14:54:59.514322" level="INFO">Opening url 'http://livraison3.testacademy.fr/'</msg>
<arg>${HOMEY URL}</arg>
<doc>Navigates the current browser window to the provided ``url``.</doc>
<status status="PASS" start="2026-01-07T14:54:59.513672" elapsed="4.017228"/>
</kw>
<status status="PASS" start="2026-01-07T14:54:54.467412" elapsed="9.063851"/>
</kw>
<kw name="Accéder A La Page De Connexion" owner="commun">
<kw name="Click Element" owner="Selenium2Library">
<msg time="2026-01-07T14:55:03.532995" level="INFO">Clicking element 'xpath=//a[contains(text(),"Se connecter")]'.</msg>
<arg>${LIEN SE CONNECTER}</arg>
<doc>Click the element identified by ``locator``.</doc>
<status status="PASS" start="2026-01-07T14:55:03.532452" elapsed="0.877459"/>
</kw>
<kw name="Wait Until Element Is Visible" owner="Selenium2Library">
<arg>${CHAMP NOM UTILISATEUR}</arg>
<doc>Waits until the element ``locator`` is visible.</doc>
<status status="PASS" start="2026-01-07T14:55:04.410476" elapsed="0.300102"/>
</kw>
<status status="PASS" start="2026-01-07T14:55:03.531736" elapsed="1.179178"/>
</kw>
<kw name="Entrer Le Nom d'Utilisateur" owner="commun">
<kw name="Click Element" owner="Selenium2Library">
<msg time="2026-01-07T14:55:04.713108" level="INFO">Clicking element 'name=username'.</msg>
<arg>${CHAMP NOM UTILISATEUR}</arg>
<doc>Click the element identified by ``locator``.</doc>
<status status="PASS" start="2026-01-07T14:55:04.712421" elapsed="0.679731"/>
</kw>
<kw name="Input Text" owner="Selenium2Library">
<msg time="2026-01-07T14:55:05.393445" level="INFO">Typing text 'robot' into text field 'name=username'.</msg>
<arg>${CHAMP NOM UTILISATEUR}</arg>
<arg>${nom_utilisateur}</arg>
<doc>Types the given ``text`` into the text field identified by ``locator``.</doc>
<status status="PASS" start="2026-01-07T14:55:05.392665" elapsed="0.324604"/>
</kw>
<arg>${UTILISATEUR VALIDE}</arg>
<status status="PASS" start="2026-01-07T14:55:04.711398" elapsed="1.006227"/>
</kw>
<kw name="Entrer Le Mot De Passe" owner="commun">
<kw name="Click Element" owner="Selenium2Library">
<msg time="2026-01-07T14:55:05.719814" level="INFO">Clicking element 'name=password'.</msg>
<arg>${CHAMP MOT DE PASSE}</arg>
<doc>Click the element identified by ``locator``.</doc>
<status status="PASS" start="2026-01-07T14:55:05.719110" elapsed="0.309494"/>
</kw>
<kw name="Input Text" owner="Selenium2Library">
<msg time="2026-01-07T14:55:06.029957" level="INFO">Typing text 'robot' into text field 'name=password'.</msg>
<arg>${CHAMP MOT DE PASSE}</arg>
<arg>${mot_de_passe}</arg>
<doc>Types the given ``text`` into the text field identified by ``locator``.</doc>
<status status="PASS" start="2026-01-07T14:55:06.029160" elapsed="0.327489"/>
</kw>
<arg>${MOT DE PASSE VALIDE}</arg>
<status status="PASS" start="2026-01-07T14:55:05.718121" elapsed="0.638898"/>
</kw>
<kw name="Soumettre Le Formulaire De Connexion" owner="commun">
<kw name="Click Button" owner="Selenium2Library">
<msg time="2026-01-07T14:55:06.359678" level="INFO">Clicking button 'css=.homey_login_button'.</msg>
<arg>${BOUTON VALIDER}</arg>
<doc>Clicks the button identified by ``locator``.</doc>
<status status="PASS" start="2026-01-07T14:55:06.358760" elapsed="0.315546"/>
</kw>
<status status="PASS" start="2026-01-07T14:55:06.357633" elapsed="0.317146"/>
</kw>
<status status="PASS" start="2026-01-07T14:54:54.466590" elapsed="12.208453"/>
</kw>
<kw name="Vérifiez Que Le Tableau De Bord Est Visible">
<kw name="Wait Until Element Is Not Visible" owner="Selenium2Library">
<arg>${CHAMP NOM UTILISATEUR}</arg>
<doc>Waits until the element ``locator`` is not visible.</doc>
<status status="PASS" start="2026-01-07T14:55:06.677860" elapsed="2.726853"/>
</kw>
<kw name="Title Should Be" owner="Selenium2Library">
<msg time="2026-01-07T14:55:09.419950" level="INFO">Page title is 'Tableau de bord - Livraison 3'.</msg>
<arg>${TITRE TABLEAU DE BORD}</arg>
<doc>Verifies that the current page title equals ``title``.</doc>
<status status="PASS" start="2026-01-07T14:55:09.405175" elapsed="0.014987"/>
</kw>
<status status="PASS" start="2026-01-07T14:55:06.676532" elapsed="2.743897"/>
</kw>
<kw name="Effectuer Une Déconnexion Réussie" type="TEARDOWN">
<kw name="Click Link" owner="Selenium2Library">
<msg time="2026-01-07T14:55:09.422956" level="INFO">Clicking link 'xpath=(//a[contains(text(),'Se déconnecter')])[3]'.</msg>
<arg>${LIEN SE DECONNECTER}</arg>
<doc>Clicks a link identified by ``locator``.</doc>
<status status="PASS" start="2026-01-07T14:55:09.422338" elapsed="2.694911"/>
</kw>
<status status="PASS" start="2026-01-07T14:55:09.421445" elapsed="2.696234"/>
</kw>
<status status="PASS" start="2026-01-07T14:54:54.464385" elapsed="17.662914"/>
</test>
<test id="s1-s2-t2" name="Le Lien De Connexion Devrait Etre Visible Après Une Déconnexion Réussie" line="12">
<kw name="Effectuer Une Connection Réussie" type="SETUP">
<kw name="Ouvrir Le Navigateur Et Accéder A La Page d'Accueil" owner="commun">
<kw name="Open Browser" owner="Selenium2Library">
<msg time="2026-01-07T14:55:12.144098" level="INFO">Opening browser 'edge' to base url 'None'.</msg>
<arg>browser=${NAVIGATEUR}</arg>
<doc>Opens a new browser instance to the optional ``url``.</doc>
<status status="PASS" start="2026-01-07T14:55:12.143167" elapsed="4.305921"/>
</kw>
<kw name="Maximize Browser Window" owner="Selenium2Library">
<doc>Maximizes current browser window.</doc>
<status status="PASS" start="2026-01-07T14:55:16.450194" elapsed="0.220174"/>
</kw>
<kw name="Go To" owner="Selenium2Library">
<msg time="2026-01-07T14:55:16.671998" level="INFO">Opening url 'http://livraison3.testacademy.fr/'</msg>
<arg>${HOMEY URL}</arg>
<doc>Navigates the current browser window to the provided ``url``.</doc>
<status status="PASS" start="2026-01-07T14:55:16.671165" elapsed="4.155187"/>
</kw>
<status status="PASS" start="2026-01-07T14:55:12.142265" elapsed="8.684479"/>
</kw>
<kw name="Accéder A La Page De Connexion" owner="commun">
<kw name="Click Element" owner="Selenium2Library">
<msg time="2026-01-07T14:55:20.830418" level="INFO">Clicking element 'xpath=//a[contains(text(),"Se connecter")]'.</msg>
<arg>${LIEN SE CONNECTER}</arg>
<doc>Click the element identified by ``locator``.</doc>
<status status="PASS" start="2026-01-07T14:55:20.829615" elapsed="0.815845"/>
</kw>
<kw name="Wait Until Element Is Visible" owner="Selenium2Library">
<arg>${CHAMP NOM UTILISATEUR}</arg>
<doc>Waits until the element ``locator`` is visible.</doc>
<status status="PASS" start="2026-01-07T14:55:21.646147" elapsed="0.677013"/>
</kw>
<status status="PASS" start="2026-01-07T14:55:20.827280" elapsed="1.496263"/>
</kw>
<kw name="Entrer Le Nom d'Utilisateur" owner="commun">
<kw name="Click Element" owner="Selenium2Library">
<msg time="2026-01-07T14:55:22.326252" level="INFO">Clicking element 'name=username'.</msg>
<arg>${CHAMP NOM UTILISATEUR}</arg>
<doc>Click the element identified by ``locator``.</doc>
<status status="PASS" start="2026-01-07T14:55:22.325455" elapsed="0.358705"/>
</kw>
<kw name="Input Text" owner="Selenium2Library">
<msg time="2026-01-07T14:55:22.686451" level="INFO">Typing text 'robot' into text field 'name=username'.</msg>
<arg>${CHAMP NOM UTILISATEUR}</arg>
<arg>${nom_utilisateur}</arg>
<doc>Types the given ``text`` into the text field identified by ``locator``.</doc>
<status status="PASS" start="2026-01-07T14:55:22.685285" elapsed="0.436548"/>
</kw>
<arg>${UTILISATEUR VALIDE}</arg>
<status status="PASS" start="2026-01-07T14:55:22.324235" elapsed="0.797986"/>
</kw>
<kw name="Entrer Le Mot De Passe" owner="commun">
<kw name="Click Element" owner="Selenium2Library">
<msg time="2026-01-07T14:55:23.124874" level="INFO">Clicking element 'name=password'.</msg>
<arg>${CHAMP MOT DE PASSE}</arg>
<doc>Click the element identified by ``locator``.</doc>
<status status="PASS" start="2026-01-07T14:55:23.123999" elapsed="0.303165"/>
</kw>
<kw name="Input Text" owner="Selenium2Library">
<msg time="2026-01-07T14:55:23.428656" level="INFO">Typing text 'robot' into text field 'name=password'.</msg>
<arg>${CHAMP MOT DE PASSE}</arg>
<arg>${mot_de_passe}</arg>
<doc>Types the given ``text`` into the text field identified by ``locator``.</doc>
<status status="PASS" start="2026-01-07T14:55:23.427806" elapsed="0.258081"/>
</kw>
<arg>${MOT DE PASSE VALIDE}</arg>
<status status="PASS" start="2026-01-07T14:55:23.122790" elapsed="0.563428"/>
</kw>
<kw name="Soumettre Le Formulaire De Connexion" owner="commun">
<kw name="Click Button" owner="Selenium2Library">
<msg time="2026-01-07T14:55:23.689022" level="INFO">Clicking button 'css=.homey_login_button'.</msg>
<arg>${BOUTON VALIDER}</arg>
<doc>Clicks the button identified by ``locator``.</doc>
<status status="PASS" start="2026-01-07T14:55:23.688174" elapsed="0.272757"/>
</kw>
<status status="PASS" start="2026-01-07T14:55:23.687100" elapsed="0.274364"/>
</kw>
<status status="PASS" start="2026-01-07T14:55:12.140555" elapsed="11.821311"/>
</kw>
<kw name="Vérifiez Que Le Tableau De Bord Est Visible">
<kw name="Wait Until Element Is Not Visible" owner="Selenium2Library">
<arg>${CHAMP NOM UTILISATEUR}</arg>
<doc>Waits until the element ``locator`` is not visible.</doc>
<status status="PASS" start="2026-01-07T14:55:23.966727" elapsed="2.522810"/>
</kw>
<kw name="Title Should Be" owner="Selenium2Library">
<msg time="2026-01-07T14:55:26.511393" level="INFO">Page title is 'Tableau de bord - Livraison 3'.</msg>
<arg>${TITRE TABLEAU DE BORD}</arg>
<doc>Verifies that the current page title equals ``title``.</doc>
<status status="PASS" start="2026-01-07T14:55:26.490190" elapsed="0.021461"/>
</kw>
<status status="PASS" start="2026-01-07T14:55:23.965655" elapsed="2.546260"/>
</kw>
<kw name="Effectuer Une Déconnexion Réussie">
<kw name="Click Link" owner="Selenium2Library">
<msg time="2026-01-07T14:55:26.515745" level="INFO">Clicking link 'xpath=(//a[contains(text(),'Se déconnecter')])[3]'.</msg>
<arg>${LIEN SE DECONNECTER}</arg>
<doc>Clicks a link identified by ``locator``.</doc>
<status status="PASS" start="2026-01-07T14:55:26.514741" elapsed="3.517311"/>
</kw>
<status status="PASS" start="2026-01-07T14:55:26.513843" elapsed="3.518705"/>
</kw>
<kw name="Vérifier Que Le Lien De Connexion Est Visible">
<kw name="Wait Until Element Is Not Visible" owner="Selenium2Library">
<arg>${LIEN SE DECONNECTER}</arg>
<doc>Waits until the element ``locator`` is not visible.</doc>
<status status="PASS" start="2026-01-07T14:55:30.037911" elapsed="0.129328"/>
</kw>
<kw name="Element Should Be Visible" owner="Selenium2Library">
<msg time="2026-01-07T14:55:30.262083" level="INFO">Element 'xpath=//a[contains(text(),"Se connecter")]' is displayed.</msg>
<arg>${LIEN SE CONNECTER}</arg>
<doc>Verifies that the element identified by ``locator`` is visible.</doc>
<status status="PASS" start="2026-01-07T14:55:30.167852" elapsed="0.094565"/>
</kw>
<status status="PASS" start="2026-01-07T14:55:30.036585" elapsed="0.226262"/>
</kw>
<status status="PASS" start="2026-01-07T14:55:12.135296" elapsed="18.130073"/>
</test>
<status status="PASS" start="2026-01-07T14:54:54.446517" elapsed="35.822185"/>
</suite>
<status status="PASS" start="2026-01-07T14:53:43.242749" elapsed="107.032339"/>
</suite>
<statistics>
<total>
<stat pass="8" fail="0" skip="0">All Tests</stat>
</total>
<tag>
</tag>
<suite>
<stat name="Tests Ihm" id="s1" pass="8" fail="0" skip="0">Tests Ihm</stat>
<stat name="Connexions-Invalides" id="s1-s1" pass="6" fail="0" skip="0">Tests Ihm.Connexions-Invalides</stat>
<stat name="Connexions-Valides" id="s1-s2" pass="2" fail="0" skip="0">Tests Ihm.Connexions-Valides</stat>
</suite>
</statistics>
<errors>
</errors>
</robot>
