<?xml version="1.0" encoding="UTF-8"?>
<robot generator="Robot 7.3.2 (Python 3.14.0 on win32)" generated="2026-01-07T14:52:46.991240" rpa="false" schemaversion="5">
<suite id="s1" name="Projet-Tests" source="C:\Users\ADmiN\projet-tests">
<suite id="s1-s1" name="Tests Ihm" source="C:\Users\ADmiN\projet-tests\tests_ihm">
<suite id="s1-s1-s1" name="Connexions-Invalides" source="C:\Users\ADmiN\projet-tests\tests_ihm\connexions-invalides.robot">
<test id="s1-s1-s1-t1" name="Test Utilisateur Vide Mot De Passe Vide" line="12">
<kw name="Ouvrir Le Navigateur Et Accéder A La Page d'Accueil" owner="commun" type="SETUP">
<kw name="Open Browser" owner="Selenium2Library">
<msg time="2026-01-07T14:52:48.044923" level="INFO">Opening browser 'edge' to base url 'None'.</msg>
<arg>browser=${NAVIGATEUR}</arg>
<doc>Opens a new browser instance to the optional ``url``.</doc>
<status status="PASS" start="2026-01-07T14:52:48.034457" elapsed="4.028896"/>
</kw>
<kw name="Maximize Browser Window" owner="Selenium2Library">
<doc>Maximizes current browser window.</doc>
<status status="PASS" start="2026-01-07T14:52:52.064252" elapsed="0.215341"/>
</kw>
<kw name="Go To" owner="Selenium2Library">
<msg time="2026-01-07T14:52:52.282492" level="INFO">Opening url 'http://livraison3.testacademy.fr/'</msg>
<arg>${HOMEY URL}</arg>
<doc>Navigates the current browser window to the provided ``url``.</doc>
<status status="PASS" start="2026-01-07T14:52:52.281406" elapsed="4.054173"/>
</kw>
<status status="PASS" start="2026-01-07T14:52:48.024096" elapsed="8.312080"/>
</kw>
<kw name="Un Message d'Erreur Doit Etre Visible Apres Une Connexion Incorrecte">
<kw name="Accéder A La Page De Connexion" owner="commun">
<kw name="Click Element" owner="Selenium2Library">
<msg time="2026-01-07T14:52:56.349792" level="INFO">Clicking element 'xpath=//a[contains(text(),"Se connecter")]'.</msg>
<arg>${LIEN SE CONNECTER}</arg>
<doc>Click the element identified by ``locator``.</doc>
<status status="PASS" start="2026-01-07T14:52:56.347187" elapsed="0.636595"/>
</kw>
<kw name="Wait Until Element Is Visible" owner="Selenium2Library">
<arg>${CHAMP NOM UTILISATEUR}</arg>
<doc>Waits until the element ``locator`` is visible.</doc>
<status status="PASS" start="2026-01-07T14:52:56.985581" elapsed="0.226246"/>
</kw>
<status status="PASS" start="2026-01-07T14:52:56.345398" elapsed="0.867098"/>
</kw>
<kw name="Entrer Le Nom d'Utilisateur" owner="commun">
<kw name="Click Element" owner="Selenium2Library">
<msg time="2026-01-07T14:52:57.216436" level="INFO">Clicking element 'name=username'.</msg>
<arg>${CHAMP NOM UTILISATEUR}</arg>
<doc>Click the element identified by ``locator``.</doc>
<status status="PASS" start="2026-01-07T14:52:57.215023" elapsed="0.682890"/>
</kw>
<kw name="Input Text" owner="Selenium2Library">
<msg time="2026-01-07T14:52:57.900135" level="INFO">Typing text '' into text field 'name=username'.</msg>
<arg>${CHAMP NOM UTILISATEUR}</arg>
<arg>${nom_utilisateur}</arg>
<doc>Types the given ``text`` into the text field identified by ``locator``.</doc>
<status status="PASS" start="2026-01-07T14:52:57.898611" elapsed="0.319690"/>
</kw>
<arg>${nom utilisateur}</arg>
<status status="PASS" start="2026-01-07T14:52:57.213176" elapsed="1.005790"/>
</kw>
<kw name="Entrer Le Mot De Passe" owner="commun">
<kw name="Click Element" owner="Selenium2Library">
<msg time="2026-01-07T14:52:58.225184" level="INFO">Clicking element 'name=password'.</msg>
<arg>${CHAMP MOT DE PASSE}</arg>
<doc>Click the element identified by ``locator``.</doc>
<status status="PASS" start="2026-01-07T14:52:58.223759" elapsed="0.277613"/>
</kw>
<kw name="Input Text" owner="Selenium2Library">
<msg time="2026-01-07T14:52:58.504487" level="INFO">Typing text '' into text field 'name=password'.</msg>
<arg>${CHAMP MOT DE PASSE}</arg>
<arg>${mot_de_passe}</arg>
<doc>Types the given ``text`` into the text field identified by ``locator``.</doc>
<status status="PASS" start="2026-01-07T14:52:58.502182" elapsed="0.240951"/>
</kw>
<arg>${mot de passe}</arg>
<status status="PASS" start="2026-01-07T14:52:58.219958" elapsed="0.523644"/>
</kw>
<kw name="Soumettre Le Formulaire De Connexion" owner="commun">
<kw name="Click Button" owner="Selenium2Library">
<msg time="2026-01-07T14:52:58.746381" level="INFO">Clicking button 'css=.homey_login_button'.</msg>
<arg>${BOUTON VALIDER}</arg>
<doc>Clicks the button identified by ``locator``.</doc>
<status status="PASS" start="2026-01-07T14:52:58.745305" elapsed="0.305081"/>
</kw>
<status status="PASS" start="2026-01-07T14:52:58.744083" elapsed="0.307205"/>
</kw>
<kw name="Vérifier Que Le Message d'Erreur Est Visible">
<kw name="Wait Until Element Is Visible" owner="Selenium2Library">
<arg>${ESPACE POUR AFFICHER LES ERREURS}</arg>
<doc>Waits until the element ``locator`` is visible.</doc>
<status status="PASS" start="2026-01-07T14:52:59.055787" elapsed="0.736340"/>
</kw>
<kw name="Element Text Should Not Be" owner="Selenium2Library">
<msg time="2026-01-07T14:52:59.794736" level="INFO">Verifying element 'css=#modal-login .error' does not contain exact text ''.</msg>
<arg>${ESPACE POUR AFFICHER LES ERREURS}</arg>
<arg>${EMPTY}</arg>
<doc>Verifies that element ``locator`` does not contain exact the text ``not_expected``.</doc>
<status status="PASS" start="2026-01-07T14:52:59.792671" elapsed="0.053136"/>
</kw>
<status status="PASS" start="2026-01-07T14:52:59.052029" elapsed="0.794179"/>
</kw>
<arg>${EMPTY}</arg>
<arg>${EMPTY}</arg>
<status status="PASS" start="2026-01-07T14:52:56.340642" elapsed="3.505737"/>
</kw>
<status status="PASS" start="2026-01-07T14:52:48.006883" elapsed="11.840294"/>
</test>
<status status="PASS" start="2026-01-07T14:52:47.135419" elapsed="12.729165"/>
</suite>
<status status="PASS" start="2026-01-07T14:52:47.116012" elapsed="12.763036"/>
</suite>
<status status="PASS" start="2026-01-07T14:52:47.010759" elapsed="12.886124"/>
</suite>
<statistics>
<total>
<stat pass="1" fail="0" skip="0">All Tests</stat>
</total>
<tag>
</tag>
<suite>
<stat name="Projet-Tests" id="s1" pass="1" fail="0" skip="0">Projet-Tests</stat>
<stat name="Tests Ihm" id="s1-s1" pass="1" fail="0" skip="0">Projet-Tests.Tests Ihm</stat>
<stat name="Connexions-Invalides" id="s1-s1-s1" pass="1" fail="0" skip="0">Projet-Tests.Tests Ihm.Connexions-Invalides</stat>
</suite>
</statistics>
<errors>
</errors>
</robot>
