<?xml version="1.0" encoding="UTF-8"?>
<robot generator="Robot 7.3.2 (Python 3.14.0 on win32)" generated="2026-01-07T12:45:10.470300" rpa="false" schemaversion="5">
<suite id="s1" name="Projet-Tests" source="C:\Users\ADmiN\projet-tests">
<suite id="s1-s1" name="Tests Ihm" source="C:\Users\ADmiN\projet-tests\tests ihm">
<suite id="s1-s1-s1" name="Connexions-Valides" source="C:\Users\ADmiN\projet-tests\tests ihm\connexions-valides.robot">
<test id="s1-s1-s1-t1" name="Le Tableau De Bord Doit Etre Visible Apres Une Connexion Réussie" line="7">
<kw name="Effectuer Une Connection Réussie" type="SETUP">
<kw name="Ouvrir Le Navigateur Et Accéder A La Page d'Accueil" owner="commun">
<kw name="Open Browser" owner="Selenium2Library">
<msg time="2026-01-07T12:45:11.565710" level="INFO">Opening browser 'edge' to base url 'None'.</msg>
<arg>browser=${NAVIGATEUR}</arg>
<doc>Opens a new browser instance to the optional ``url``.</doc>
<status status="PASS" start="2026-01-07T12:45:11.564297" elapsed="17.384809"/>
</kw>
<kw name="Maximize Browser Window" owner="Selenium2Library">
<doc>Maximizes current browser window.</doc>
<status status="PASS" start="2026-01-07T12:45:28.950360" elapsed="0.130460"/>
</kw>
<kw name="Go To" owner="Selenium2Library">
<msg time="2026-01-07T12:45:29.083064" level="INFO">Opening url 'http://livraison3.testacademy.fr/'</msg>
<arg>${HOMEY URL}</arg>
<doc>Navigates the current browser window to the provided ``url``.</doc>
<status status="PASS" start="2026-01-07T12:45:29.081690" elapsed="4.420758"/>
</kw>
<status status="PASS" start="2026-01-07T12:45:11.561831" elapsed="21.941163"/>
</kw>
<kw name="Accéder A La Page De Connexion" owner="commun">
<kw name="Click Element" owner="Selenium2Library">
<msg time="2026-01-07T12:45:33.509018" level="INFO">Clicking element 'xpath=//a[contains(text(),"Se connecter")]'.</msg>
<arg>${LIEN SE CONNECTER}</arg>
<doc>Click the element identified by ``locator``.</doc>
<status status="PASS" start="2026-01-07T12:45:33.505103" elapsed="0.641300"/>
</kw>
<kw name="Wait Until Element Is Visible" owner="Selenium2Library">
<arg>${CHAMP NOM UTILISATEUR}</arg>
<doc>Waits until the element ``locator`` is visible.</doc>
<status status="PASS" start="2026-01-07T12:45:34.147370" elapsed="0.230700"/>
</kw>
<status status="PASS" start="2026-01-07T12:45:33.503528" elapsed="0.875245"/>
</kw>
<kw name="Entrer Le Nom d'Utilisateur" owner="commun">
<kw name="Click Element" owner="Selenium2Library">
<msg time="2026-01-07T12:45:34.384996" level="INFO">Clicking element 'name=username'.</msg>
<arg>${CHAMP NOM UTILISATEUR}</arg>
<doc>Click the element identified by ``locator``.</doc>
<status status="PASS" start="2026-01-07T12:45:34.383289" elapsed="0.633639"/>
</kw>
<kw name="Input Text" owner="Selenium2Library">
<msg time="2026-01-07T12:45:35.019867" level="INFO">Typing text 'robot' into text field 'name=username'.</msg>
<arg>${CHAMP NOM UTILISATEUR}</arg>
<arg>${nom_utilisateur}</arg>
<doc>Types the given ``text`` into the text field identified by ``locator``.</doc>
<status status="PASS" start="2026-01-07T12:45:35.017975" elapsed="0.350275"/>
</kw>
<arg>${UTILISATEUR VALIDE}</arg>
<status status="PASS" start="2026-01-07T12:45:34.380793" elapsed="0.988163"/>
</kw>
<kw name="Entrer Le Mot De Passe" owner="commun">
<kw name="Click Element" owner="Selenium2Library">
<msg time="2026-01-07T12:45:35.373279" level="INFO">Clicking element 'name=password'.</msg>
<arg>${CHAMP MOT DE PASSE}</arg>
<doc>Click the element identified by ``locator``.</doc>
<status status="PASS" start="2026-01-07T12:45:35.371728" elapsed="0.305041"/>
</kw>
<kw name="Input Text" owner="Selenium2Library">
<msg time="2026-01-07T12:45:35.679173" level="INFO">Typing text 'robot' into text field 'name=password'.</msg>
<arg>${CHAMP MOT DE PASSE}</arg>
<arg>${mot_de_passe}</arg>
<doc>Types the given ``text`` into the text field identified by ``locator``.</doc>
<status status="PASS" start="2026-01-07T12:45:35.677618" elapsed="0.268313"/>
</kw>
<arg>${MOT DE PASSE VALIDE}</arg>
<status status="PASS" start="2026-01-07T12:45:35.369710" elapsed="0.576820"/>
</kw>
<kw name="Soumettre Le Formulaire De Connexion" owner="commun">
<kw name="Click Button" owner="Selenium2Library">
<msg time="2026-01-07T12:45:35.950139" level="INFO">Clicking button 'css=.homey_login_button'.</msg>
<arg>${BOUTON VALIDER}</arg>
<doc>Clicks the button identified by ``locator``.</doc>
<status status="PASS" start="2026-01-07T12:45:35.948750" elapsed="0.269585"/>
</kw>
<status status="PASS" start="2026-01-07T12:45:35.947212" elapsed="0.271991"/>
</kw>
<status status="PASS" start="2026-01-07T12:45:11.559543" elapsed="24.660145"/>
</kw>
<kw name="Vérifiez Que Le Tableau De Bord Est Visible">
<kw name="Wait Until Element Is Not Visible" owner="Selenium2Library">
<arg>${CHAMP NOM UTILISATEUR}</arg>
<doc>Waits until the element ``locator`` is not visible.</doc>
<status status="PASS" start="2026-01-07T12:45:36.223602" elapsed="2.610789"/>
</kw>
<kw name="Title Should Be" owner="Selenium2Library">
<msg time="2026-01-07T12:45:38.853674" level="INFO">Page title is 'Tableau de bord - Livraison 3'.</msg>
<arg>${TITRE TABLEAU DE BORD}</arg>
<doc>Verifies that the current page title equals ``title``.</doc>
<status status="PASS" start="2026-01-07T12:45:38.835120" elapsed="0.019358"/>
</kw>
<status status="PASS" start="2026-01-07T12:45:36.221162" elapsed="2.633784"/>
</kw>
<kw name="Effectuer Une Déconnexion Réussie" type="TEARDOWN">
<kw name="Click Link" owner="Selenium2Library">
<msg time="2026-01-07T12:45:38.862629" level="INFO">Clicking link 'xpath=(//a[contains(text(),'Se déconnecter')])[3]'.</msg>
<arg>${LIEN SE DECONNECTER}</arg>
<doc>Clicks a link identified by ``locator``.</doc>
<status status="PASS" start="2026-01-07T12:45:38.860346" elapsed="2.380024"/>
</kw>
<status status="PASS" start="2026-01-07T12:45:38.856940" elapsed="2.384068"/>
</kw>
<status status="PASS" start="2026-01-07T12:45:11.544434" elapsed="29.697212"/>
</test>
<test id="s1-s1-s1-t2" name="Le Lien De Connexion Devrait Etre Visible Après Une Déconnexion Réussie" line="12">
<kw name="Effectuer Une Connection Réussie" type="SETUP">
<kw name="Ouvrir Le Navigateur Et Accéder A La Page d'Accueil" owner="commun">
<kw name="Open Browser" owner="Selenium2Library">
<msg time="2026-01-07T12:45:41.305489" level="INFO">Opening browser 'edge' to base url 'None'.</msg>
<arg>browser=${NAVIGATEUR}</arg>
<doc>Opens a new browser instance to the optional ``url``.</doc>
<status status="PASS" start="2026-01-07T12:45:41.302473" elapsed="3.686772"/>
</kw>
<kw name="Maximize Browser Window" owner="Selenium2Library">
<doc>Maximizes current browser window.</doc>
<status status="PASS" start="2026-01-07T12:45:44.990314" elapsed="0.416950"/>
</kw>
<kw name="Go To" owner="Selenium2Library">
<msg time="2026-01-07T12:45:45.410247" level="INFO">Opening url 'http://livraison3.testacademy.fr/'</msg>
<arg>${HOMEY URL}</arg>
<doc>Navigates the current browser window to the provided ``url``.</doc>
<status status="PASS" start="2026-01-07T12:45:45.407968" elapsed="3.715352"/>
</kw>
<status status="PASS" start="2026-01-07T12:45:41.300715" elapsed="7.823117"/>
</kw>
<kw name="Accéder A La Page De Connexion" owner="commun">
<kw name="Click Element" owner="Selenium2Library">
<msg time="2026-01-07T12:45:49.134799" level="INFO">Clicking element 'xpath=//a[contains(text(),"Se connecter")]'.</msg>
<arg>${LIEN SE CONNECTER}</arg>
<doc>Click the element identified by ``locator``.</doc>
<status status="PASS" start="2026-01-07T12:45:49.126456" elapsed="0.881990"/>
</kw>
<kw name="Wait Until Element Is Visible" owner="Selenium2Library">
<arg>${CHAMP NOM UTILISATEUR}</arg>
<doc>Waits until the element ``locator`` is visible.</doc>
<status status="PASS" start="2026-01-07T12:45:50.009180" elapsed="0.299113"/>
</kw>
<status status="PASS" start="2026-01-07T12:45:49.124450" elapsed="1.184430"/>
</kw>
<kw name="Entrer Le Nom d'Utilisateur" owner="commun">
<kw name="Click Element" owner="Selenium2Library">
<msg time="2026-01-07T12:45:50.315248" level="INFO">Clicking element 'name=username'.</msg>
<arg>${CHAMP NOM UTILISATEUR}</arg>
<doc>Click the element identified by ``locator``.</doc>
<status status="PASS" start="2026-01-07T12:45:50.313474" elapsed="0.625499"/>
</kw>
<kw name="Input Text" owner="Selenium2Library">
<msg time="2026-01-07T12:45:50.942795" level="INFO">Typing text 'robot' into text field 'name=username'.</msg>
<arg>${CHAMP NOM UTILISATEUR}</arg>
<arg>${nom_utilisateur}</arg>
<doc>Types the given ``text`` into the text field identified by ``locator``.</doc>
<status status="PASS" start="2026-01-07T12:45:50.940450" elapsed="0.483318"/>
</kw>
<arg>${UTILISATEUR VALIDE}</arg>
<status status="PASS" start="2026-01-07T12:45:50.309613" elapsed="1.114744"/>
</kw>
<kw name="Entrer Le Mot De Passe" owner="commun">
<kw name="Click Element" owner="Selenium2Library">
<msg time="2026-01-07T12:45:51.430408" level="INFO">Clicking element 'name=password'.</msg>
<arg>${CHAMP MOT DE PASSE}</arg>
<doc>Click the element identified by ``locator``.</doc>
<status status="PASS" start="2026-01-07T12:45:51.427081" elapsed="0.345617"/>
</kw>
<kw name="Input Text" owner="Selenium2Library">
<msg time="2026-01-07T12:45:51.776436" level="INFO">Typing text 'robot' into text field 'name=password'.</msg>
<arg>${CHAMP MOT DE PASSE}</arg>
<arg>${mot_de_passe}</arg>
<doc>Types the given ``text`` into the text field identified by ``locator``.</doc>
<status status="PASS" start="2026-01-07T12:45:51.773373" elapsed="0.281655"/>
</kw>
<arg>${MOT DE PASSE VALIDE}</arg>
<status status="PASS" start="2026-01-07T12:45:51.425037" elapsed="0.630579"/>
</kw>
<kw name="Soumettre Le Formulaire De Connexion" owner="commun">
<kw name="Click Button" owner="Selenium2Library">
<msg time="2026-01-07T12:45:52.059095" level="INFO">Clicking button 'css=.homey_login_button'.</msg>
<arg>${BOUTON VALIDER}</arg>
<doc>Clicks the button identified by ``locator``.</doc>
<status status="PASS" start="2026-01-07T12:45:52.057912" elapsed="0.283257"/>
</kw>
<status status="PASS" start="2026-01-07T12:45:52.056331" elapsed="0.286260"/>
</kw>
<status status="PASS" start="2026-01-07T12:45:41.299053" elapsed="11.044218"/>
</kw>
<kw name="Vérifiez Que Le Tableau De Bord Est Visible">
<kw name="Wait Until Element Is Not Visible" owner="Selenium2Library">
<msg time="2026-01-07T12:45:55.234057" level="INFO">Suppressing StaleElementReferenceException from Selenium.</msg>
<arg>${CHAMP NOM UTILISATEUR}</arg>
<doc>Waits until the element ``locator`` is not visible.</doc>
<status status="PASS" start="2026-01-07T12:45:52.356665" elapsed="3.140005"/>
</kw>
<kw name="Title Should Be" owner="Selenium2Library">
<msg time="2026-01-07T12:45:55.515626" level="INFO">Page title is 'Tableau de bord - Livraison 3'.</msg>
<arg>${TITRE TABLEAU DE BORD}</arg>
<doc>Verifies that the current page title equals ``title``.</doc>
<status status="PASS" start="2026-01-07T12:45:55.498506" elapsed="0.018144"/>
</kw>
<status status="PASS" start="2026-01-07T12:45:52.354341" elapsed="3.162910"/>
</kw>
<kw name="Effectuer Une Déconnexion Réussie">
<kw name="Click Link" owner="Selenium2Library">
<msg time="2026-01-07T12:45:55.522373" level="INFO">Clicking link 'xpath=(//a[contains(text(),'Se déconnecter')])[3]'.</msg>
<arg>${LIEN SE DECONNECTER}</arg>
<doc>Clicks a link identified by ``locator``.</doc>
<status status="PASS" start="2026-01-07T12:45:55.520679" elapsed="2.703339"/>
</kw>
<status status="PASS" start="2026-01-07T12:45:55.519131" elapsed="2.705591"/>
</kw>
<kw name="Vérifier Que Le Lien De Connexion Est Visible">
<kw name="Wait Until Element Is Not Visible" owner="Selenium2Library">
<arg>${LIEN SE DECONNECTER}</arg>
<doc>Waits until the element ``locator`` is not visible.</doc>
<status status="PASS" start="2026-01-07T12:45:58.227655" elapsed="0.093477"/>
</kw>
<kw name="Element Should Be Visible" owner="Selenium2Library">
<msg time="2026-01-07T12:45:58.415353" level="INFO">Element 'xpath=//a[contains(text(),"Se connecter")]' is displayed.</msg>
<arg>${LIEN SE CONNECTER}</arg>
<doc>Verifies that the element identified by ``locator`` is visible.</doc>
<status status="PASS" start="2026-01-07T12:45:58.322071" elapsed="0.095276"/>
</kw>
<status status="PASS" start="2026-01-07T12:45:58.225890" elapsed="0.192008"/>
</kw>
<status status="PASS" start="2026-01-07T12:45:41.285544" elapsed="17.136491"/>
</test>
<status status="PASS" start="2026-01-07T12:45:10.609195" elapsed="47.831645"/>
</suite>
<status status="PASS" start="2026-01-07T12:45:10.586087" elapsed="47.885315"/>
</suite>
<status status="PASS" start="2026-01-07T12:45:10.488972" elapsed="48.013373"/>
</suite>
<statistics>
<total>
<stat pass="2" fail="0" skip="0">All Tests</stat>
</total>
<tag>
</tag>
<suite>
<stat name="Projet-Tests" id="s1" pass="2" fail="0" skip="0">Projet-Tests</stat>
<stat name="Tests Ihm" id="s1-s1" pass="2" fail="0" skip="0">Projet-Tests.Tests Ihm</stat>
<stat name="Connexions-Valides" id="s1-s1-s1" pass="2" fail="0" skip="0">Projet-Tests.Tests Ihm.Connexions-Valides</stat>
</suite>
</statistics>
<errors>
</errors>
</robot>
